<?xml version="1.0" encoding="UTF-8"?>
<testng-results ignored="0" total="1" passed="1" failed="0" skipped="0">
  <reporter-output>
  </reporter-output>
  <suite started-at="2023-07-08T03:53:13 IST" name="Default suite" finished-at="2023-07-08T03:53:16 IST" duration-ms="3365">
    <groups>
    </groups>
    <test started-at="2023-07-08T03:53:13 IST" name="Default test" finished-at="2023-07-08T03:53:16 IST" duration-ms="3365">
      <class name="day3.HeadersDemo">
        <test-method signature="headersTests()[pri:0, instance:day3.HeadersDemo@6631f5ca]" started-at="2023-07-08T03:53:13 IST" name="headersTests" finished-at="2023-07-08T03:53:16 IST" duration-ms="3322" status="PASS">
          <reporter-output>
          </reporter-output>
        </test-method> <!-- headersTests -->
      </class> <!-- day3.HeadersDemo -->
    </test> <!-- Default test -->
  </suite> <!-- Default suite -->
</testng-results>
